<?xml version="1.0" encoding="UTF-8"?>
<!-- Generated by org.testng.reporters.JUnitReportReporter -->
<testsuite hostname="Ebrahim" failures="0" tests="1" name="com.it.bd.NavigationCommandsExample" time="35.015" errors="0" timestamp="2023-06-17T12:23:57 EDT" skipped="0">
  <testcase classname="com.it.bd.NavigationCommandsExample" name="navigateTest" time="35.015"/>
  <system-out/>
</testsuite> <!-- com.it.bd.NavigationCommandsExample -->
