<?xml version="1.0" encoding="UTF-8"?>
<!-- Generated by org.testng.reporters.JUnitReportReporter -->
<testsuite hostname="Ebrahim" failures="0" tests="1" name="com.it.bd.WebElementCommandsExample" time="21.014" errors="0" timestamp="2023-06-17T12:12:01 EDT" skipped="0">
  <testcase classname="com.it.bd.WebElementCommandsExample" name="webElementsTest" time="21.014"/>
  <system-out/>
</testsuite> <!-- com.it.bd.WebElementCommandsExample -->
