<?xml version="1.0" encoding="UTF-8"?>
<!-- Generated by org.testng.reporters.JUnitReportReporter -->
<testsuite hostname="Ebrahim" failures="0" tests="1" name="com.it.bd.FirstAutomation" time="8.087" errors="0" timestamp="2023-06-10T12:29:42 EDT" skipped="0">
  <testcase classname="com.it.bd.FirstAutomation" name="firstTest" time="8.087"/>
  <system-out/>
</testsuite> <!-- com.it.bd.FirstAutomation -->
