<?xml version="1.0" encoding="UTF-8"?>
<!-- Generated by org.testng.reporters.JUnitReportReporter -->
<testsuite hostname="Ebrahim" failures="0" tests="1" name="com.it.bd.IFrameHandling" time="26.641" errors="0" timestamp="2023-06-24T12:30:37 EDT" skipped="0">
  <testcase classname="com.it.bd.IFrameHandling" name="testWaits" time="26.641"/>
  <system-out/>
</testsuite> <!-- com.it.bd.IFrameHandling -->
