<?xml version="1.0" encoding="UTF-8"?>
<!-- Generated by org.testng.reporters.JUnitReportReporter -->
<testsuite hostname="Ebrahim" failures="0" tests="1" name="com.it.bd.SelectMethodHandling" time="75.376" errors="0" timestamp="2023-06-18T12:39:44 EDT" skipped="0">
  <testcase classname="com.it.bd.SelectMethodHandling" name="selectTest" time="75.376"/>
  <system-out/>
</testsuite> <!-- com.it.bd.SelectMethodHandling -->
