<?xml version="1.0" encoding="UTF-8"?>
<!-- Generated by org.testng.reporters.JUnitReportReporter -->
<testsuite hostname="Ebrahim" failures="0" tests="1" name="com.it.bd.MouseHoverHandling" time="14.513" errors="0" timestamp="2023-09-19T00:12:34 EDT" skipped="0">
  <testcase classname="com.it.bd.MouseHoverHandling" name="mouseHoverTest" time="14.513"/>
  <system-out/>
</testsuite> <!-- com.it.bd.MouseHoverHandling -->
