<?xml version="1.0" encoding="UTF-8"?>
<!-- Generated by org.testng.reporters.JUnitReportReporter -->
<testsuite hostname="Ebrahim" failures="0" tests="1" name="com.it.bd.CopyAndPasteHandling2" time="13.176" errors="0" timestamp="2023-06-18T13:41:56 EDT" skipped="0">
  <testcase classname="com.it.bd.CopyAndPasteHandling2" name="webElementsTest" time="13.176"/>
  <system-out/>
</testsuite> <!-- com.it.bd.CopyAndPasteHandling2 -->
