<?xml version="1.0" encoding="UTF-8"?>
<!-- Generated by org.testng.reporters.JUnitReportReporter -->
<testsuite hostname="Ebrahim" failures="0" tests="1" name="com.it.bd.AlertHandle" time="17.356" errors="0" timestamp="2023-06-18T12:09:12 EDT" skipped="0">
  <testcase classname="com.it.bd.AlertHandle" name="alertsTest" time="17.356"/>
  <system-out/>
</testsuite> <!-- com.it.bd.AlertHandle -->
