<?xml version="1.0" encoding="UTF-8"?>
<!-- Generated by org.testng.reporters.JUnitReportReporter -->
<testsuite hostname="Ebrahim" failures="0" tests="1" name="com.it.bd.TabWindowHandling" time="22.740" errors="0" timestamp="2023-10-14T13:40:31 EDT" skipped="0">
  <testcase classname="com.it.bd.TabWindowHandling" name="TabTest" time="22.740"/>
  <system-out/>
</testsuite> <!-- com.it.bd.TabWindowHandling -->
