<?xml version="1.0" encoding="UTF-8"?>
<!-- Generated by org.testng.reporters.JUnitReportReporter -->
<testsuite hostname="Ebrahim" failures="0" tests="2" name="com.it.bd.TestNGExample" time="0.006" errors="0" timestamp="2023-10-01T09:41:47 EDT" skipped="0">
  <testcase classname="com.it.bd.TestNGExample" name="firstTest" time="0.003"/>
  <system-out/>
  <testcase classname="com.it.bd.TestNGExample" name="secondTest" time="0.003"/>
  <system-out/>
</testsuite> <!-- com.it.bd.TestNGExample -->
