<?xml version="1.0" encoding="UTF-8"?>
<!-- Generated by org.testng.reporters.JUnitReportReporter -->
<testsuite hostname="Ebrahim" failures="0" tests="1" name="com.it.bd.MouseHoverHandling" time="35.413" errors="0" timestamp="2023-06-18T12:24:25 EDT" skipped="0">
  <testcase classname="com.it.bd.MouseHoverHandling" name="mouseHoverTest" time="35.413"/>
  <system-out/>
</testsuite> <!-- com.it.bd.MouseHoverHandling -->
