<?xml version="1.0" encoding="UTF-8"?>
<!-- Generated by org.testng.reporters.JUnitReportReporter -->
<testsuite hostname="Ebrahim" failures="0" tests="1" name="com.it.bd.CopyAndPasteHandling" time="20.664" errors="0" timestamp="2023-06-18T13:31:42 EDT" skipped="0">
  <testcase classname="com.it.bd.CopyAndPasteHandling" name="webElementsTest" time="20.664"/>
  <system-out/>
</testsuite> <!-- com.it.bd.CopyAndPasteHandling -->
