<?xml version="1.0" encoding="UTF-8"?>
<!-- Generated by org.testng.reporters.JUnitReportReporter -->
<testsuite hostname="Ebrahim" failures="0" tests="1" name="com.it.bd.LocatorsExample" time="19.177" errors="0" timestamp="2023-06-11T13:04:51 EDT" skipped="0">
  <testcase classname="com.it.bd.LocatorsExample" name="testLocators" time="19.177"/>
  <system-out/>
</testsuite> <!-- com.it.bd.LocatorsExample -->
