<?xml version="1.0" encoding="UTF-8"?>
<!-- Generated by org.testng.reporters.JUnitReportReporter -->
<testsuite hostname="Ebrahim" failures="0" tests="1" name="com.it.bd.ScrollHandling" time="108.257" errors="0" timestamp="2023-06-18T13:17:08 EDT" skipped="0">
  <testcase classname="com.it.bd.ScrollHandling" name="scrollTest" time="108.257"/>
  <system-out/>
</testsuite> <!-- com.it.bd.ScrollHandling -->
