<?xml version="1.0" encoding="UTF-8"?>
<!-- Generated by org.testng.reporters.JUnitReportReporter -->
<testsuite hostname="Ebrahim" failures="0" tests="1" name="com.it.bd.BrowserCommandsExample" time="23.692" errors="0" timestamp="2023-06-17T12:31:05 EDT" skipped="0">
  <testcase classname="com.it.bd.BrowserCommandsExample" name="browserCommandTest" time="23.692"/>
  <system-out/>
</testsuite> <!-- com.it.bd.BrowserCommandsExample -->
