<?xml version="1.0" encoding="UTF-8"?>
<!-- Generated by org.testng.reporters.JUnitReportReporter -->
<testsuite hostname="Ebrahim" failures="0" tests="1" name="com.it.bd.TabHandling" time="35.750" errors="0" timestamp="2023-06-24T12:48:23 EDT" skipped="0">
  <testcase classname="com.it.bd.TabHandling" name="tabHandingTest" time="35.750"/>
  <system-out/>
</testsuite> <!-- com.it.bd.TabHandling -->
