<?xml version="1.0" encoding="UTF-8"?>
<!-- Generated by org.testng.reporters.JUnitReportReporter -->
<testsuite hostname="Ebrahim" failures="0" tests="2" name="com.it.bd.TestNGExample" time="0.008" errors="0" timestamp="2023-06-11T12:07:28 EDT" skipped="0">
  <testcase classname="com.it.bd.TestNGExample" name="firstTest" time="0.006"/>
  <system-out/>
  <testcase classname="com.it.bd.TestNGExample" name="secondTest" time="0.002"/>
  <system-out/>
</testsuite> <!-- com.it.bd.TestNGExample -->
